<?xml version="1.0" encoding="UTF-8"?>
<testng-results skipped="0" failed="0" ignored="0" total="1" passed="1">
  <reporter-output>
  </reporter-output>
  <suite name="Default suite" duration-ms="20595" started-at="2021-04-09T12:42:13 GMT-04:00" finished-at="2021-04-09T12:42:33 GMT-04:00">
    <groups>
    </groups>
    <test name="Default test" duration-ms="20595" started-at="2021-04-09T12:42:13 GMT-04:00" finished-at="2021-04-09T12:42:33 GMT-04:00">
      <class name="r.aTest">
        <test-method status="PASS" signature="before()[pri:0, instance:r.aTest@1786dec2]" name="before" is-config="true" duration-ms="3009" started-at="2021-04-09T12:42:13 GMT-04:00" finished-at="2021-04-09T12:42:16 GMT-04:00">
          <reporter-output>
          </reporter-output>
        </test-method> <!-- before -->
        <test-method status="PASS" signature="test()[pri:0, instance:r.aTest@1786dec2]" name="test" duration-ms="13280" started-at="2021-04-09T12:42:16 GMT-04:00" finished-at="2021-04-09T12:42:29 GMT-04:00">
          <reporter-output>
          </reporter-output>
        </test-method> <!-- test -->
        <test-method status="PASS" signature="after()[pri:0, instance:r.aTest@1786dec2]" name="after" is-config="true" duration-ms="4250" started-at="2021-04-09T12:42:29 GMT-04:00" finished-at="2021-04-09T12:42:33 GMT-04:00">
          <reporter-output>
          </reporter-output>
        </test-method> <!-- after -->
      </class> <!-- r.aTest -->
    </test> <!-- Default test -->
  </suite> <!-- Default suite -->
</testng-results>
